0 info it worked if it ends with ok
1 verbose cli [ '/usr/local/bin/node', '/usr/local/bin/npm', 'run', 'db:reset' ]
2 info using npm@3.10.10
3 info using node@v6.11.3
4 verbose run-script [ 'predb:reset', 'db:reset', 'postdb:reset' ]
5 info lifecycle y@1.0.0~predb:reset: y@1.0.0
6 silly lifecycle y@1.0.0~predb:reset: no script for predb:reset, continuing
7 info lifecycle y@1.0.0~db:reset: y@1.0.0
8 verbose lifecycle y@1.0.0~db:reset: unsafe-perm in lifecycle true
9 verbose lifecycle y@1.0.0~db:reset: PATH: /usr/local/lib/node_modules/npm/bin/node-gyp-bin:/Users/kelceywilson/Desktop/lg/phase2/mixed-drinks-app/node_modules/.bin:./node_modules/.bin:/Users/kelceywilson/.rvm/gems/ruby-2.2.4/bin:/Users/kelceywilson/.rvm/gems/ruby-2.2.4@global/bin:/Users/kelceywilson/.rvm/rubies/ruby-2.2.4/bin:/usr/local/bin:/usr/local/sbin:/usr/local/bin:/usr/bin:/bin:/usr/sbin:/sbin:./node_modules/.bin:/Users/kelceywilson/.rvm/gems/ruby-2.2.4/bin:/Users/kelceywilson/.rvm/gems/ruby-2.2.4@global/bin:/Users/kelceywilson/.rvm/rubies/ruby-2.2.4/bin:/usr/local/sbin:/Users/kelceywilson/.rvm/bin:/Users/kelceywilson/.rvm/bin
10 verbose lifecycle y@1.0.0~db:reset: CWD: /Users/kelceywilson/Desktop/lg/phase2/mixed-drinks-app
11 silly lifecycle y@1.0.0~db:reset: Args: [ '-c', 'dropdb mixed-drinks && npm run db:create' ]
12 silly lifecycle y@1.0.0~db:reset: Returned: code: 1  signal: null
13 info lifecycle y@1.0.0~db:reset: Failed to exec db:reset script
14 verbose stack Error: y@1.0.0 db:reset: `dropdb mixed-drinks && npm run db:create`
14 verbose stack Exit status 1
14 verbose stack     at EventEmitter.<anonymous> (/usr/local/lib/node_modules/npm/lib/utils/lifecycle.js:255:16)
14 verbose stack     at emitTwo (events.js:106:13)
14 verbose stack     at EventEmitter.emit (events.js:191:7)
14 verbose stack     at ChildProcess.<anonymous> (/usr/local/lib/node_modules/npm/lib/utils/spawn.js:40:14)
14 verbose stack     at emitTwo (events.js:106:13)
14 verbose stack     at ChildProcess.emit (events.js:191:7)
14 verbose stack     at maybeClose (internal/child_process.js:920:16)
14 verbose stack     at Process.ChildProcess._handle.onexit (internal/child_process.js:230:5)
15 verbose pkgid y@1.0.0
16 verbose cwd /Users/kelceywilson/Desktop/lg/phase2/mixed-drinks-app
17 error Darwin 17.2.0
18 error argv "/usr/local/bin/node" "/usr/local/bin/npm" "run" "db:reset"
19 error node v6.11.3
20 error npm  v3.10.10
21 error code ELIFECYCLE
22 error y@1.0.0 db:reset: `dropdb mixed-drinks && npm run db:create`
22 error Exit status 1
23 error Failed at the y@1.0.0 db:reset script 'dropdb mixed-drinks && npm run db:create'.
23 error Make sure you have the latest version of node.js and npm installed.
23 error If you do, this is most likely a problem with the y package,
23 error not with npm itself.
23 error Tell the author that this fails on your system:
23 error     dropdb mixed-drinks && npm run db:create
23 error You can get information on how to open an issue for this project with:
23 error     npm bugs y
23 error Or if that isn't available, you can get their info via:
23 error     npm owner ls y
23 error There is likely additional logging output above.
24 verbose exit [ 1, true ]
